This file contains any messages produced by compilers while
running configure, to aid debugging if configure makes a mistake.

It was created by configure, which was
generated by GNU Autoconf 2.69.  Invocation command line was

  $ ./configure --no-create --no-recursion

## --------- ##
## Platform. ##
## --------- ##

hostname = localhost
uname -m = x86_64
uname -r = 4.19.0-21-amd64
uname -s = Linux
uname -v = #1 SMP Debian 4.19.249-2 (2022-06-30)

/usr/bin/uname -p = unknown
/bin/uname -X     = unknown

/bin/arch              = x86_64
/usr/bin/arch -k       = unknown
/usr/convex/getsysinfo = unknown
/usr/bin/hostinfo      = unknown
/bin/machine           = unknown
/usr/bin/oslevel       = unknown
/bin/universe          = unknown

PATH: /usr/local/sbin
PATH: /usr/local/bin
PATH: /usr/sbin
PATH: /usr/bin
PATH: /sbin
PATH: /bin


## ----------- ##
## Core tests. ##
## ----------- ##

configure:2282: checking for gcc
configure:2298: found /usr/bin/gcc
configure:2309: result: gcc
configure:2538: checking for C compiler version
configure:2547: gcc --version >&5
gcc (Debian 8.3.0-6) 8.3.0
Copyright (C) 2018 Free Software Foundation, Inc.
This is free software; see the source for copying conditions.  There is NO
warranty; not even for MERCHANTABILITY or FITNESS FOR A PARTICULAR PURPOSE.

configure:2558: $? = 0
configure:2547: gcc -v >&5
Using built-in specs.
COLLECT_GCC=gcc
COLLECT_LTO_WRAPPER=/usr/lib/gcc/x86_64-linux-gnu/8/lto-wrapper
OFFLOAD_TARGET_NAMES=nvptx-none
OFFLOAD_TARGET_DEFAULT=1
Target: x86_64-linux-gnu
Configured with: ../src/configure -v --with-pkgversion='Debian 8.3.0-6' --with-bugurl=file:///usr/share/doc/gcc-8/README.Bugs --enable-languages=c,ada,c++,go,brig,d,fortran,objc,obj-c++ --prefix=/usr --with-gcc-major-version-only --program-suffix=-8 --program-prefix=x86_64-linux-gnu- --enable-shared --enable-linker-build-id --libexecdir=/usr/lib --without-included-gettext --enable-threads=posix --libdir=/usr/lib --enable-nls --enable-bootstrap --enable-clocale=gnu --enable-libstdcxx-debug --enable-libstdcxx-time=yes --with-default-libstdcxx-abi=new --enable-gnu-unique-object --disable-vtable-verify --enable-libmpx --enable-plugin --enable-default-pie --with-system-zlib --with-target-system-zlib --enable-objc-gc=auto --enable-multiarch --disable-werror --with-arch-32=i686 --with-abi=m64 --with-multilib-list=m32,m64,mx32 --enable-multilib --with-tune=generic --enable-offload-targets=nvptx-none --without-cuda-driver --enable-checking=release --build=x86_64-linux-gnu --host=x86_64-linux-gnu --target=x86_64-linux-gnu
Thread model: posix
gcc version 8.3.0 (Debian 8.3.0-6) 
configure:2558: $? = 0
configure:2547: gcc -V >&5
gcc: error: unrecognized command line option '-V'
gcc: fatal error: no input files
compilation terminated.
configure:2558: $? = 1
configure:2547: gcc -qversion >&5
gcc: error: unrecognized command line option '-qversion'; did you mean '--version'?
gcc: fatal error: no input files
compilation terminated.
configure:2558: $? = 1
configure:2578: checking whether the C compiler works
configure:2600: gcc    conftest.c  >&5
configure:2604: $? = 0
configure:2652: result: yes
configure:2655: checking for C compiler default output file name
configure:2657: result: a.out
configure:2663: checking for suffix of executables
configure:2670: gcc -o conftest    conftest.c  >&5
configure:2674: $? = 0
configure:2696: result: 
configure:2718: checking whether we are cross compiling
configure:2726: gcc -o conftest    conftest.c  >&5
configure:2730: $? = 0
configure:2737: ./conftest
configure:2741: $? = 0
configure:2729: result: no
configure:2734: checking for suffix of object files
configure:2756: gcc -c   conftest.c >&5
configure:2760: $? = 0
configure:2781: result: o
configure:2785: checking whether we are using the GNU C compiler
configure:2804: gcc -c   conftest.c >&5
configure:2804: $? = 0
configure:2813: result: yes
configure:2822: checking whether gcc accepts -g
configure:2842: gcc -c -g  conftest.c >&5
configure:2842: $? = 0
configure:2883: result: yes
configure:2900: checking for gcc option to accept ISO C89
configure:2963: gcc  -c -g -O2  conftest.c >&5
configure:2963: $? = 0
configure:2976: result: none needed
configure:3002: checking how to run the C preprocessor
configure:3033: gcc -E  conftest.c
configure:3033: $? = 0
configure:3047: gcc -E  conftest.c
conftest.c:9:10: fatal error: ac_nonexistent.h: No such file or directory
 #include <ac_nonexistent.h>
          ^~~~~~~~~~~~~~~~~~
compilation terminated.
configure:3047: $? = 1
configure: failed program was:
| /* confdefs.h */
| #define PACKAGE_NAME ""
| #define PACKAGE_TARNAME ""
| #define PACKAGE_VERSION ""
| #define PACKAGE_STRING ""
| #define PACKAGE_BUGREPORT ""
| #define PACKAGE_URL ""
| /* end confdefs.h.  */
| #include <ac_nonexistent.h>
configure:3072: result: gcc -E
configure:3092: gcc -E  conftest.c
configure:3092: $? = 0
configure:3106: gcc -E  conftest.c
conftest.c:9:10: fatal error: ac_nonexistent.h: No such file or directory
 #include <ac_nonexistent.h>
          ^~~~~~~~~~~~~~~~~~
compilation terminated.
configure:3106: $? = 1
configure: failed program was:
| /* confdefs.h */
| #define PACKAGE_NAME ""
| #define PACKAGE_TARNAME ""
| #define PACKAGE_VERSION ""
| #define PACKAGE_STRING ""
| #define PACKAGE_BUGREPORT ""
| #define PACKAGE_URL ""
| /* end confdefs.h.  */
| #include <ac_nonexistent.h>
configure:3135: checking for grep that handles long lines and -e
configure:3193: result: /usr/bin/grep
configure:3198: checking for egrep
configure:3260: result: /usr/bin/grep -E
configure:3265: checking for ANSI C header files
configure:3285: gcc -c -g -O2  conftest.c >&5
configure:3285: $? = 0
configure:3358: gcc -o conftest -g -O2   conftest.c  >&5
configure:3358: $? = 0
configure:3358: ./conftest
configure:3358: $? = 0
configure:3369: result: yes
configure:3382: checking for sys/types.h
configure:3382: gcc -c -g -O2  conftest.c >&5
configure:3382: $? = 0
configure:3382: result: yes
configure:3382: checking for sys/stat.h
configure:3382: gcc -c -g -O2  conftest.c >&5
configure:3382: $? = 0
configure:3382: result: yes
configure:3382: checking for stdlib.h
configure:3382: gcc -c -g -O2  conftest.c >&5
configure:3382: $? = 0
configure:3382: result: yes
configure:3382: checking for string.h
configure:3382: gcc -c -g -O2  conftest.c >&5
configure:3382: $? = 0
configure:3382: result: yes
configure:3382: checking for memory.h
configure:3382: gcc -c -g -O2  conftest.c >&5
configure:3382: $? = 0
configure:3382: result: yes
configure:3382: checking for strings.h
configure:3382: gcc -c -g -O2  conftest.c >&5
configure:3382: $? = 0
configure:3382: result: yes
configure:3382: checking for inttypes.h
configure:3382: gcc -c -g -O2  conftest.c >&5
configure:3382: $? = 0
configure:3382: result: yes
configure:3382: checking for stdint.h
configure:3382: gcc -c -g -O2  conftest.c >&5
configure:3382: $? = 0
configure:3382: result: yes
configure:3382: checking for unistd.h
configure:3382: gcc -c -g -O2  conftest.c >&5
configure:3382: $? = 0
configure:3382: result: yes
configure:3395: checking minix/config.h usability
configure:3395: gcc -c -g -O2  conftest.c >&5
conftest.c:52:10: fatal error: minix/config.h: No such file or directory
 #include <minix/config.h>
          ^~~~~~~~~~~~~~~~
compilation terminated.
configure:3395: $? = 1
configure: failed program was:
| /* confdefs.h */
| #define PACKAGE_NAME ""
| #define PACKAGE_TARNAME ""
| #define PACKAGE_VERSION ""
| #define PACKAGE_STRING ""
| #define PACKAGE_BUGREPORT ""
| #define PACKAGE_URL ""
| #define STDC_HEADERS 1
| #define HAVE_SYS_TYPES_H 1
| #define HAVE_SYS_STAT_H 1
| #define HAVE_STDLIB_H 1
| #define HAVE_STRING_H 1
| #define HAVE_MEMORY_H 1
| #define HAVE_STRINGS_H 1
| #define HAVE_INTTYPES_H 1
| #define HAVE_STDINT_H 1
| #define HAVE_UNISTD_H 1
| /* end confdefs.h.  */
| #include <stdio.h>
| #ifdef HAVE_SYS_TYPES_H
| # include <sys/types.h>
| #endif
| #ifdef HAVE_SYS_STAT_H
| # include <sys/stat.h>
| #endif
| #ifdef STDC_HEADERS
| # include <stdlib.h>
| # include <stddef.h>
| #else
| # ifdef HAVE_STDLIB_H
| #  include <stdlib.h>
| # endif
| #endif
| #ifdef HAVE_STRING_H
| # if !defined STDC_HEADERS && defined HAVE_MEMORY_H
| #  include <memory.h>
| # endif
| # include <string.h>
| #endif
| #ifdef HAVE_STRINGS_H
| # include <strings.h>
| #endif
| #ifdef HAVE_INTTYPES_H
| # include <inttypes.h>
| #endif
| #ifdef HAVE_STDINT_H
| # include <stdint.h>
| #endif
| #ifdef HAVE_UNISTD_H
| # include <unistd.h>
| #endif
| #include <minix/config.h>
configure:3395: result: no
configure:3395: checking minix/config.h presence
configure:3395: gcc -E  conftest.c
conftest.c:19:10: fatal error: minix/config.h: No such file or directory
 #include <minix/config.h>
          ^~~~~~~~~~~~~~~~
compilation terminated.
configure:3395: $? = 1
configure: failed program was:
| /* confdefs.h */
| #define PACKAGE_NAME ""
| #define PACKAGE_TARNAME ""
| #define PACKAGE_VERSION ""
| #define PACKAGE_STRING ""
| #define PACKAGE_BUGREPORT ""
| #define PACKAGE_URL ""
| #define STDC_HEADERS 1
| #define HAVE_SYS_TYPES_H 1
| #define HAVE_SYS_STAT_H 1
| #define HAVE_STDLIB_H 1
| #define HAVE_STRING_H 1
| #define HAVE_MEMORY_H 1
| #define HAVE_STRINGS_H 1
| #define HAVE_INTTYPES_H 1
| #define HAVE_STDINT_H 1
| #define HAVE_UNISTD_H 1
| /* end confdefs.h.  */
| #include <minix/config.h>
configure:3395: result: no
configure:3395: checking for minix/config.h
configure:3395: result: no
configure:3416: checking whether it is safe to define __EXTENSIONS__
configure:3434: gcc -c -g -O2  conftest.c >&5
configure:3434: $? = 0
configure:3441: result: yes
configure:3493: checking build system type
configure:3507: result: x86_64-unknown-linux-gnu
configure:3527: checking host system type
configure:3540: result: x86_64-unknown-linux-gnu
configure:3560: checking target system type
configure:3573: result: x86_64-unknown-linux-gnu
configure:3615: checking for a BSD-compatible install
configure:3683: result: /usr/bin/install -c
configure:3694: checking whether build environment is sane
configure:3744: result: yes
configure:3885: checking for a thread-safe mkdir -p
configure:3924: result: /usr/bin/mkdir -p
configure:3937: checking for gawk
configure:3967: result: no
configure:3937: checking for mawk
configure:3953: found /usr/bin/mawk
configure:3964: result: mawk
configure:3975: checking whether make sets $(MAKE)
configure:3997: result: yes
configure:4027: checking for style of include used by make
configure:4055: result: GNU
configure:4141: checking dependency style of gcc
configure:4252: result: gcc3
configure:4279: checking whether make supports nested variables
configure:4296: result: yes
configure:4358: checking for gcc
configure:4385: result: gcc
configure:4614: checking for C compiler version
configure:4623: gcc --version >&5
gcc (Debian 8.3.0-6) 8.3.0
Copyright (C) 2018 Free Software Foundation, Inc.
This is free software; see the source for copying conditions.  There is NO
warranty; not even for MERCHANTABILITY or FITNESS FOR A PARTICULAR PURPOSE.

configure:4634: $? = 0
configure:4623: gcc -v >&5
Using built-in specs.
COLLECT_GCC=gcc
COLLECT_LTO_WRAPPER=/usr/lib/gcc/x86_64-linux-gnu/8/lto-wrapper
OFFLOAD_TARGET_NAMES=nvptx-none
OFFLOAD_TARGET_DEFAULT=1
Target: x86_64-linux-gnu
Configured with: ../src/configure -v --with-pkgversion='Debian 8.3.0-6' --with-bugurl=file:///usr/share/doc/gcc-8/README.Bugs --enable-languages=c,ada,c++,go,brig,d,fortran,objc,obj-c++ --prefix=/usr --with-gcc-major-version-only --program-suffix=-8 --program-prefix=x86_64-linux-gnu- --enable-shared --enable-linker-build-id --libexecdir=/usr/lib --without-included-gettext --enable-threads=posix --libdir=/usr/lib --enable-nls --enable-bootstrap --enable-clocale=gnu --enable-libstdcxx-debug --enable-libstdcxx-time=yes --with-default-libstdcxx-abi=new --enable-gnu-unique-object --disable-vtable-verify --enable-libmpx --enable-plugin --enable-default-pie --with-system-zlib --with-target-system-zlib --enable-objc-gc=auto --enable-multiarch --disable-werror --with-arch-32=i686 --with-abi=m64 --with-multilib-list=m32,m64,mx32 --enable-multilib --with-tune=generic --enable-offload-targets=nvptx-none --without-cuda-driver --enable-checking=release --build=x86_64-linux-gnu --host=x86_64-linux-gnu --target=x86_64-linux-gnu
Thread model: posix
gcc version 8.3.0 (Debian 8.3.0-6) 
configure:4634: $? = 0
configure:4623: gcc -V >&5
gcc: error: unrecognized command line option '-V'
gcc: fatal error: no input files
compilation terminated.
configure:4634: $? = 1
configure:4623: gcc -qversion >&5
gcc: error: unrecognized command line option '-qversion'; did you mean '--version'?
gcc: fatal error: no input files
compilation terminated.
configure:4634: $? = 1
configure:4638: checking whether we are using the GNU C compiler
configure:4666: result: yes
configure:4675: checking whether gcc accepts -g
configure:4736: result: yes
configure:4753: checking for gcc option to accept ISO C89
configure:4829: result: none needed
configure:4854: checking how to run the C preprocessor
configure:4924: result: gcc -E
configure:4944: gcc -E  conftest.c
configure:4944: $? = 0
configure:4958: gcc -E  conftest.c
conftest.c:26:10: fatal error: ac_nonexistent.h: No such file or directory
 #include <ac_nonexistent.h>
          ^~~~~~~~~~~~~~~~~~
compilation terminated.
configure:4958: $? = 1
configure: failed program was:
| /* confdefs.h */
| #define PACKAGE_NAME ""
| #define PACKAGE_TARNAME ""
| #define PACKAGE_VERSION ""
| #define PACKAGE_STRING ""
| #define PACKAGE_BUGREPORT ""
| #define PACKAGE_URL ""
| #define STDC_HEADERS 1
| #define HAVE_SYS_TYPES_H 1
| #define HAVE_SYS_STAT_H 1
| #define HAVE_STDLIB_H 1
| #define HAVE_STRING_H 1
| #define HAVE_MEMORY_H 1
| #define HAVE_STRINGS_H 1
| #define HAVE_INTTYPES_H 1
| #define HAVE_STDINT_H 1
| #define HAVE_UNISTD_H 1
| #define __EXTENSIONS__ 1
| #define _ALL_SOURCE 1
| #define _GNU_SOURCE 1
| #define _POSIX_PTHREAD_SEMANTICS 1
| #define _TANDEM_SOURCE 1
| #define PACKAGE "mednafen_server"
| #define VERSION "0.5.2"
| /* end confdefs.h.  */
| #include <ac_nonexistent.h>
configure:4987: checking whether gcc and cc understand -c and -o together
configure:5018: gcc -c conftest.c -o conftest2.o >&5
configure:5022: $? = 0
configure:5028: gcc -c conftest.c -o conftest2.o >&5
configure:5032: $? = 0
configure:5043: cc -c conftest.c >&5
configure:5047: $? = 0
configure:5055: cc -c conftest.c -o conftest2.o >&5
configure:5059: $? = 0
configure:5065: cc -c conftest.c -o conftest2.o >&5
configure:5069: $? = 0
configure:5087: result: yes
configure:5170: checking for g++
configure:5186: found /usr/bin/g++
configure:5197: result: g++
configure:5224: checking for C++ compiler version
configure:5233: g++ --version >&5
g++ (Debian 8.3.0-6) 8.3.0
Copyright (C) 2018 Free Software Foundation, Inc.
This is free software; see the source for copying conditions.  There is NO
warranty; not even for MERCHANTABILITY or FITNESS FOR A PARTICULAR PURPOSE.

configure:5244: $? = 0
configure:5233: g++ -v >&5
Using built-in specs.
COLLECT_GCC=g++
COLLECT_LTO_WRAPPER=/usr/lib/gcc/x86_64-linux-gnu/8/lto-wrapper
OFFLOAD_TARGET_NAMES=nvptx-none
OFFLOAD_TARGET_DEFAULT=1
Target: x86_64-linux-gnu
Configured with: ../src/configure -v --with-pkgversion='Debian 8.3.0-6' --with-bugurl=file:///usr/share/doc/gcc-8/README.Bugs --enable-languages=c,ada,c++,go,brig,d,fortran,objc,obj-c++ --prefix=/usr --with-gcc-major-version-only --program-suffix=-8 --program-prefix=x86_64-linux-gnu- --enable-shared --enable-linker-build-id --libexecdir=/usr/lib --without-included-gettext --enable-threads=posix --libdir=/usr/lib --enable-nls --enable-bootstrap --enable-clocale=gnu --enable-libstdcxx-debug --enable-libstdcxx-time=yes --with-default-libstdcxx-abi=new --enable-gnu-unique-object --disable-vtable-verify --enable-libmpx --enable-plugin --enable-default-pie --with-system-zlib --with-target-system-zlib --enable-objc-gc=auto --enable-multiarch --disable-werror --with-arch-32=i686 --with-abi=m64 --with-multilib-list=m32,m64,mx32 --enable-multilib --with-tune=generic --enable-offload-targets=nvptx-none --without-cuda-driver --enable-checking=release --build=x86_64-linux-gnu --host=x86_64-linux-gnu --target=x86_64-linux-gnu
Thread model: posix
gcc version 8.3.0 (Debian 8.3.0-6) 
configure:5244: $? = 0
configure:5233: g++ -V >&5
g++: error: unrecognized command line option '-V'
g++: fatal error: no input files
compilation terminated.
configure:5244: $? = 1
configure:5233: g++ -qversion >&5
g++: error: unrecognized command line option '-qversion'; did you mean '--version'?
g++: fatal error: no input files
compilation terminated.
configure:5244: $? = 1
configure:5248: checking whether we are using the GNU C++ compiler
configure:5267: g++ -c   conftest.cpp >&5
configure:5267: $? = 0
configure:5276: result: yes
configure:5285: checking whether g++ accepts -g
configure:5305: g++ -c -g  conftest.cpp >&5
configure:5305: $? = 0
configure:5346: result: yes
configure:5371: checking dependency style of g++
configure:5482: result: gcc3
configure:5502: checking how to run the C++ preprocessor
configure:5529: g++ -E  conftest.cpp
configure:5529: $? = 0
configure:5543: g++ -E  conftest.cpp
conftest.cpp:26:10: fatal error: ac_nonexistent.h: No such file or directory
 #include <ac_nonexistent.h>
          ^~~~~~~~~~~~~~~~~~
compilation terminated.
configure:5543: $? = 1
configure: failed program was:
| /* confdefs.h */
| #define PACKAGE_NAME ""
| #define PACKAGE_TARNAME ""
| #define PACKAGE_VERSION ""
| #define PACKAGE_STRING ""
| #define PACKAGE_BUGREPORT ""
| #define PACKAGE_URL ""
| #define STDC_HEADERS 1
| #define HAVE_SYS_TYPES_H 1
| #define HAVE_SYS_STAT_H 1
| #define HAVE_STDLIB_H 1
| #define HAVE_STRING_H 1
| #define HAVE_MEMORY_H 1
| #define HAVE_STRINGS_H 1
| #define HAVE_INTTYPES_H 1
| #define HAVE_STDINT_H 1
| #define HAVE_UNISTD_H 1
| #define __EXTENSIONS__ 1
| #define _ALL_SOURCE 1
| #define _GNU_SOURCE 1
| #define _POSIX_PTHREAD_SEMANTICS 1
| #define _TANDEM_SOURCE 1
| #define PACKAGE "mednafen_server"
| #define VERSION "0.5.2"
| /* end confdefs.h.  */
| #include <ac_nonexistent.h>
configure:5568: result: g++ -E
configure:5588: g++ -E  conftest.cpp
configure:5588: $? = 0
configure:5602: g++ -E  conftest.cpp
conftest.cpp:26:10: fatal error: ac_nonexistent.h: No such file or directory
 #include <ac_nonexistent.h>
          ^~~~~~~~~~~~~~~~~~
compilation terminated.
configure:5602: $? = 1
configure: failed program was:
| /* confdefs.h */
| #define PACKAGE_NAME ""
| #define PACKAGE_TARNAME ""
| #define PACKAGE_VERSION ""
| #define PACKAGE_STRING ""
| #define PACKAGE_BUGREPORT ""
| #define PACKAGE_URL ""
| #define STDC_HEADERS 1
| #define HAVE_SYS_TYPES_H 1
| #define HAVE_SYS_STAT_H 1
| #define HAVE_STDLIB_H 1
| #define HAVE_STRING_H 1
| #define HAVE_MEMORY_H 1
| #define HAVE_STRINGS_H 1
| #define HAVE_INTTYPES_H 1
| #define HAVE_STDINT_H 1
| #define HAVE_UNISTD_H 1
| #define __EXTENSIONS__ 1
| #define _ALL_SOURCE 1
| #define _GNU_SOURCE 1
| #define _POSIX_PTHREAD_SEMANTICS 1
| #define _TANDEM_SOURCE 1
| #define PACKAGE "mednafen_server"
| #define VERSION "0.5.2"
| /* end confdefs.h.  */
| #include <ac_nonexistent.h>
configure:5642: checking for gettimeofday
configure:5642: g++ -o conftest -g -O2   conftest.cpp  >&5
configure:5642: $? = 0
configure:5642: result: yes
configure:5642: checking for nanosleep
configure:5642: g++ -o conftest -g -O2   conftest.cpp  >&5
configure:5642: $? = 0
configure:5642: result: yes
configure:5642: checking for usleep
configure:5642: g++ -o conftest -g -O2   conftest.cpp  >&5
configure:5642: $? = 0
configure:5642: result: yes
configure:5642: checking for mlockall
configure:5642: g++ -o conftest -g -O2   conftest.cpp  >&5
configure:5642: $? = 0
configure:5642: result: yes
configure:5642: checking for strerror_r
configure:5642: g++ -o conftest -g -O2   conftest.cpp  >&5
configure:5642: $? = 0
configure:5642: result: yes
configure:5658: checking for library containing clock_gettime
configure:5689: g++ -o conftest -g -O2   conftest.cpp  >&5
configure:5689: $? = 0
configure:5706: result: none required
configure:5716: checking for clock_gettime
configure:5716: g++ -o conftest -g -O2   conftest.cpp  >&5
configure:5716: $? = 0
configure:5716: result: yes
configure:5727: checking WARNING_FLAGS for gcc -Wall
configure:5754: gcc -c -g -O2 -pedantic -Werror  -Wall  conftest.c >&5
configure:5754: $? = 0
configure:5768: result: -Wall
configure:5781: : WARNING_FLAGS="$WARNING_FLAGS $var"
configure:5784: $? = 0
configure:5791: checking WARNING_FLAGS for gcc -Wextra
configure:5818: gcc -c -g -O2 -pedantic -Werror  -Wextra  conftest.c >&5
configure:5818: $? = 0
configure:5832: result: -Wextra
configure:5845: : WARNING_FLAGS="$WARNING_FLAGS $var"
configure:5848: $? = 0
configure:5855: checking WARNING_FLAGS for gcc -Winline
configure:5882: gcc -c -g -O2 -pedantic -Werror  -Winline  conftest.c >&5
configure:5882: $? = 0
configure:5896: result: -Winline
configure:5909: : WARNING_FLAGS="$WARNING_FLAGS $var"
configure:5912: $? = 0
configure:5919: checking WARNING_FLAGS for gcc -Wshadow
configure:5946: gcc -c -g -O2 -pedantic -Werror  -Wshadow  conftest.c >&5
configure:5946: $? = 0
configure:5960: result: -Wshadow
configure:5973: : WARNING_FLAGS="$WARNING_FLAGS $var"
configure:5976: $? = 0
configure:5983: checking WARNING_FLAGS for gcc -Wvla
configure:6010: gcc -c -g -O2 -pedantic -Werror  -Wvla  conftest.c >&5
configure:6010: $? = 0
configure:6024: result: -Wvla
configure:6037: : WARNING_FLAGS="$WARNING_FLAGS $var"
configure:6040: $? = 0
configure:6049: checking MDFN_COMPAT_FLAGS for gcc -fsigned-char
configure:6076: gcc -c -g -O2 -pedantic -Werror  -fsigned-char  conftest.c >&5
configure:6076: $? = 0
configure:6090: result: -fsigned-char
configure:6103: : MDFN_COMPAT_FLAGS="$MDFN_COMPAT_FLAGS $var"
configure:6106: $? = 0
configure:6245: creating ./config.status

## ---------------- ##
## Cache variables. ##
## ---------------- ##

ac_cv_build=x86_64-unknown-linux-gnu
ac_cv_c_compiler_gnu=yes
ac_cv_cxx_compiler_gnu=yes
ac_cv_env_CCC_set=
ac_cv_env_CCC_value=
ac_cv_env_CC_set=
ac_cv_env_CC_value=
ac_cv_env_CFLAGS_set=
ac_cv_env_CFLAGS_value=
ac_cv_env_CPPFLAGS_set=
ac_cv_env_CPPFLAGS_value=
ac_cv_env_CPP_set=
ac_cv_env_CPP_value=
ac_cv_env_CXXCPP_set=
ac_cv_env_CXXCPP_value=
ac_cv_env_CXXFLAGS_set=
ac_cv_env_CXXFLAGS_value=
ac_cv_env_CXX_set=
ac_cv_env_CXX_value=
ac_cv_env_LDFLAGS_set=
ac_cv_env_LDFLAGS_value=
ac_cv_env_LIBS_set=
ac_cv_env_LIBS_value=
ac_cv_env_build_alias_set=
ac_cv_env_build_alias_value=
ac_cv_env_host_alias_set=
ac_cv_env_host_alias_value=
ac_cv_env_target_alias_set=
ac_cv_env_target_alias_value=
ac_cv_func_clock_gettime=yes
ac_cv_func_gettimeofday=yes
ac_cv_func_mlockall=yes
ac_cv_func_nanosleep=yes
ac_cv_func_strerror_r=yes
ac_cv_func_usleep=yes
ac_cv_header_inttypes_h=yes
ac_cv_header_memory_h=yes
ac_cv_header_minix_config_h=no
ac_cv_header_stdc=yes
ac_cv_header_stdint_h=yes
ac_cv_header_stdlib_h=yes
ac_cv_header_string_h=yes
ac_cv_header_strings_h=yes
ac_cv_header_sys_stat_h=yes
ac_cv_header_sys_types_h=yes
ac_cv_header_unistd_h=yes
ac_cv_host=x86_64-unknown-linux-gnu
ac_cv_objext=o
ac_cv_path_EGREP='/usr/bin/grep -E'
ac_cv_path_GREP=/usr/bin/grep
ac_cv_path_install='/usr/bin/install -c'
ac_cv_path_mkdir=/usr/bin/mkdir
ac_cv_prog_AWK=mawk
ac_cv_prog_CPP='gcc -E'
ac_cv_prog_CXXCPP='g++ -E'
ac_cv_prog_ac_ct_CC=gcc
ac_cv_prog_ac_ct_CXX=g++
ac_cv_prog_cc_c89=
ac_cv_prog_cc_g=yes
ac_cv_prog_cc_gcc_c_o=yes
ac_cv_prog_cxx_g=yes
ac_cv_prog_make_make_set=yes
ac_cv_safe_to_define___extensions__=yes
ac_cv_search_clock_gettime='none required'
ac_cv_target=x86_64-unknown-linux-gnu
am_cv_CC_dependencies_compiler_type=gcc3
am_cv_CXX_dependencies_compiler_type=gcc3
am_cv_make_support_nested_variables=yes
ax_cv_cflags_gcc_option__Wall=-Wall
ax_cv_cflags_gcc_option__Wextra=-Wextra
ax_cv_cflags_gcc_option__Winline=-Winline
ax_cv_cflags_gcc_option__Wshadow=-Wshadow
ax_cv_cflags_gcc_option__Wvla=-Wvla
ax_cv_cflags_gcc_option__fsigned_char=-fsigned-char

## ----------------- ##
## Output variables. ##
## ----------------- ##

ACLOCAL='${SHELL} /home/minserv/missing --run aclocal-1.11'
AMDEPBACKSLASH='\'
AMDEP_FALSE='#'
AMDEP_TRUE=''
AMTAR='$${TAR-tar}'
AM_BACKSLASH='\'
AM_DEFAULT_V='$(AM_DEFAULT_VERBOSITY)'
AM_DEFAULT_VERBOSITY='1'
AM_V='$(V)'
AUTOCONF='${SHELL} /home/minserv/missing --run autoconf'
AUTOHEADER='${SHELL} /home/minserv/missing --run autoheader'
AUTOMAKE='${SHELL} /home/minserv/missing --run automake-1.11'
AWK='mawk'
CC='gcc'
CCDEPMODE='depmode=gcc3'
CFLAGS=' -fsigned-char  -Wall -Wextra -Winline -Wshadow -Wvla -g -O2'
CPP='gcc -E'
CPPFLAGS=' -fsigned-char  -Wall -Wextra -Winline -Wshadow -Wvla '
CXX='g++'
CXXCPP='g++ -E'
CXXDEPMODE='depmode=gcc3'
CXXFLAGS='-g -O2'
CYGPATH_W='echo'
DEFS='-DHAVE_CONFIG_H'
DEPDIR='.deps'
ECHO_C=''
ECHO_N='-n'
ECHO_T=''
EGREP='/usr/bin/grep -E'
EXEEXT=''
GREP='/usr/bin/grep'
INSTALL_DATA='${INSTALL} -m 644'
INSTALL_PROGRAM='${INSTALL}'
INSTALL_SCRIPT='${INSTALL}'
INSTALL_STRIP_PROGRAM='$(install_sh) -c -s'
LDFLAGS=''
LIBOBJS=''
LIBS=''
LTLIBOBJS=''
MAKEINFO='${SHELL} /home/minserv/missing --run makeinfo'
MKDIR_P='/usr/bin/mkdir -p'
OBJEXT='o'
PACKAGE='mednafen_server'
PACKAGE_BUGREPORT=''
PACKAGE_NAME=''
PACKAGE_STRING=''
PACKAGE_TARNAME=''
PACKAGE_URL=''
PACKAGE_VERSION=''
PATH_SEPARATOR=':'
SET_MAKE=''
SHELL='/bin/bash'
STRIP=''
VERSION='0.5.2'
ac_ct_CC='gcc'
ac_ct_CXX='g++'
am__EXEEXT_FALSE=''
am__EXEEXT_TRUE='#'
am__fastdepCC_FALSE='#'
am__fastdepCC_TRUE=''
am__fastdepCXX_FALSE='#'
am__fastdepCXX_TRUE=''
am__include='include'
am__isrc=''
am__leading_dot='.'
am__nodep='_no'
am__quote=''
am__tar='$${TAR-tar} chof - "$$tardir"'
am__untar='$${TAR-tar} xf -'
bindir='${exec_prefix}/bin'
build='x86_64-unknown-linux-gnu'
build_alias=''
build_cpu='x86_64'
build_os='linux-gnu'
build_vendor='unknown'
datadir='${datarootdir}'
datarootdir='${prefix}/share'
docdir='${datarootdir}/doc/${PACKAGE}'
dvidir='${docdir}'
exec_prefix='${prefix}'
host='x86_64-unknown-linux-gnu'
host_alias=''
host_cpu='x86_64'
host_os='linux-gnu'
host_vendor='unknown'
htmldir='${docdir}'
includedir='${prefix}/include'
infodir='${datarootdir}/info'
install_sh='${SHELL} /home/minserv/install-sh'
libdir='${exec_prefix}/lib'
libexecdir='${exec_prefix}/libexec'
localedir='${datarootdir}/locale'
localstatedir='${prefix}/var'
mandir='${datarootdir}/man'
mkdir_p='/usr/bin/mkdir -p'
oldincludedir='/usr/include'
pdfdir='${docdir}'
prefix='/usr/local'
program_transform_name='s,x,x,'
psdir='${docdir}'
sbindir='${exec_prefix}/sbin'
sharedstatedir='${prefix}/com'
sysconfdir='${prefix}/etc'
target='x86_64-unknown-linux-gnu'
target_alias=''
target_cpu='x86_64'
target_os='linux-gnu'
target_vendor='unknown'

## ----------- ##
## confdefs.h. ##
## ----------- ##

/* confdefs.h */
#define PACKAGE_NAME ""
#define PACKAGE_TARNAME ""
#define PACKAGE_VERSION ""
#define PACKAGE_STRING ""
#define PACKAGE_BUGREPORT ""
#define PACKAGE_URL ""
#define STDC_HEADERS 1
#define HAVE_SYS_TYPES_H 1
#define HAVE_SYS_STAT_H 1
#define HAVE_STDLIB_H 1
#define HAVE_STRING_H 1
#define HAVE_MEMORY_H 1
#define HAVE_STRINGS_H 1
#define HAVE_INTTYPES_H 1
#define HAVE_STDINT_H 1
#define HAVE_UNISTD_H 1
#define __EXTENSIONS__ 1
#define _ALL_SOURCE 1
#define _GNU_SOURCE 1
#define _POSIX_PTHREAD_SEMANTICS 1
#define _TANDEM_SOURCE 1
#define PACKAGE "mednafen_server"
#define VERSION "0.5.2"
#define HAVE_GETTIMEOFDAY 1
#define HAVE_NANOSLEEP 1
#define HAVE_USLEEP 1
#define HAVE_MLOCKALL 1
#define HAVE_STRERROR_R 1
#define HAVE_CLOCK_GETTIME 1

configure: exit 0

## ---------------------- ##
## Running config.status. ##
## ---------------------- ##

This file was extended by config.status, which was
generated by GNU Autoconf 2.69.  Invocation command line was

  CONFIG_FILES    = 
  CONFIG_HEADERS  = 
  CONFIG_LINKS    = 
  CONFIG_COMMANDS = 
  $ ./config.status 

on localhost

config.status:879: creating Makefile
config.status:879: creating src/Makefile
config.status:879: creating include/config.h
config.status:1060: include/config.h is unchanged
config.status:1108: executing depfiles commands
